<?xml version="1.0" encoding="UTF-8"?>
<testsuites name="AndroidPSAPP" time="138" tests="2" failures="0" errors="0">
   <testsuite name="AndroidPSAPP" tests="2" failures="0" errors="0" time="138" timestamp="2019-01-15 10:28:11" hostname="netzon.rhobert - netzon-jlaw" id="Test Suites/AndroidPSAPP">
      <properties>
         <property name="deviceName" value="Huawei Nexus 6P (Android 7.1.2)"/>
         <property name="devicePlatform" value=""/>
         <property name="logFolder" value="C:\\Users\\netzon.rhobert\\git\\PSAPPMobileTest\\Reports\\AndroidPSAPP\\20190115_102801"/>
         <property name="logFiles" value="C:\\Users\\netzon.rhobert\\git\\PSAPPMobileTest\\Reports\\AndroidPSAPP\\20190115_102801\\appium.log, C:\\Users\\netzon.rhobert\\git\\PSAPPMobileTest\\Reports\\AndroidPSAPP\\20190115_102801\\execution0.log"/>
         <property name="attachments" value=""/>
         <property name="hostName" value="netzon.rhobert - netzon-jlaw"/>
         <property name="os" value="Windows 10 64bit"/>
         <property name="katalonVersion" value="5.10.1.1"/>
         <property name="deviceOS" value="Android"/>
         <property name="appiumVersion" value="1.8.1"/>
         <property name="deviceModel" value="Nexus 6P"/>
         <property name="hostAddress" value="10.0.75.1"/>
         <property name="deviceManufacturer" value="Huawei"/>
         <property name="deviceId" value="CVH7N16130000820"/>
         <property name="deviceName" value="Huawei Nexus 6P (Android 7.1.2)"/>
         <property name="deviceOSVersion" value="7.1.2"/>
      </properties>
      <testcase name="Test Cases/Instant Me" classname="Test Cases/Instant Me" status="PASSED">
         <system-out><![CDATA[2019-01-15 10:28:12 - [TEST_CASE][PASSED] - Test Cases/Instant Me: Test Cases/Instant Me

2019-01-15 10:28:13 - [TEST_STEP][PASSED] - startApplication("C:\Users\netzon.rhobert\Desktop\Gycom\psapp-debug.apk", false): Started app at: 'C:\Users\netzon.rhobert\Desktop\Gycom\psapp-debug.apk'

2019-01-15 10:28:20 - [MESSAGE][INFO] - Appium server started on port 65,448

2019-01-15 10:28:59 - [MESSAGE][PASSED] - Started app at: 'C:\Users\netzon.rhobert\Desktop\Gycom\psapp-debug.apk'

2019-01-15 10:28:59 - [TEST_STEP][PASSED] - tap(findTestObject("android.widget.ImageView7"), 0): Tapped on element 'Object Repository/android.widget.ImageView7'

2019-01-15 10:28:59 - [MESSAGE][WARNING] - Timeout '0' is invalid. Using default page load timeout: '30'

2019-01-15 10:29:09 - [MESSAGE][PASSED] - Tapped on element 'Object Repository/android.widget.ImageView7'

2019-01-15 10:29:09 - [TEST_STEP][PASSED] - tap(findTestObject("android.widget.Button0 - instant_meINSTANT ME"), 0): Tapped on element 'Object Repository/android.widget.Button0 - instant_meINSTANT ME'

2019-01-15 10:29:09 - [MESSAGE][WARNING] - Timeout '0' is invalid. Using default page load timeout: '30'

2019-01-15 10:29:11 - [MESSAGE][PASSED] - Tapped on element 'Object Repository/android.widget.Button0 - instant_meINSTANT ME'

2019-01-15 10:29:11 - [TEST_STEP][PASSED] - tap(findTestObject("android.widget.Button0 - instantme-icon"), 0): Tapped on element 'Object Repository/android.widget.Button0 - instantme-icon'

2019-01-15 10:29:11 - [MESSAGE][WARNING] - Timeout '0' is invalid. Using default page load timeout: '30'

2019-01-15 10:29:13 - [MESSAGE][PASSED] - Tapped on element 'Object Repository/android.widget.Button0 - instantme-icon'

2019-01-15 10:29:13 - [TEST_STEP][PASSED] - tap(findTestObject("android.widget.Button3"), 0): Tapped on element 'Object Repository/android.widget.Button3'

2019-01-15 10:29:13 - [MESSAGE][WARNING] - Timeout '0' is invalid. Using default page load timeout: '30'

2019-01-15 10:29:14 - [MESSAGE][PASSED] - Tapped on element 'Object Repository/android.widget.Button3'

2019-01-15 10:29:14 - [TEST_STEP][PASSED] - tap(findTestObject("android.widget.ImageButton0 (4)"), 0): Tapped on element 'Object Repository/android.widget.ImageButton0 (4)'

2019-01-15 10:29:14 - [MESSAGE][WARNING] - Timeout '0' is invalid. Using default page load timeout: '30'

2019-01-15 10:29:18 - [MESSAGE][PASSED] - Tapped on element 'Object Repository/android.widget.ImageButton0 (4)'

2019-01-15 10:29:18 - [TEST_STEP][PASSED] - tap(findTestObject("android.widget.ImageButton1"), 0): Tapped on element 'Object Repository/android.widget.ImageButton1'

2019-01-15 10:29:18 - [MESSAGE][WARNING] - Timeout '0' is invalid. Using default page load timeout: '30'

2019-01-15 10:29:19 - [MESSAGE][PASSED] - Tapped on element 'Object Repository/android.widget.ImageButton1'

2019-01-15 10:29:19 - [TEST_STEP][PASSED] - tap(findTestObject("android.widget.ImageButton1"), 0): Tapped on element 'Object Repository/android.widget.ImageButton1'

2019-01-15 10:29:19 - [MESSAGE][WARNING] - Timeout '0' is invalid. Using default page load timeout: '30'

2019-01-15 10:29:21 - [MESSAGE][PASSED] - Tapped on element 'Object Repository/android.widget.ImageButton1'

2019-01-15 10:29:21 - [TEST_STEP][PASSED] - closeApplication(): Close app successfully

2019-01-15 10:29:22 - [MESSAGE][PASSED] - Close app successfully]]></system-out>
         <system-err><![CDATA[]]></system-err>
      </testcase>
      <testcase name="Test Cases/DoctorsVisitChecklist" classname="Test Cases/DoctorsVisitChecklist" status="PASSED">
         <system-out><![CDATA[2019-01-15 10:29:22 - [TEST_CASE][PASSED] - Test Cases/DoctorsVisitChecklist: Test Cases/DoctorsVisitChecklist

2019-01-15 10:29:23 - [TEST_STEP][PASSED] - startApplication("C:\Users\netzon.rhobert\Desktop\Gycom\psapp-debug.apk", false): Started app at: 'C:\Users\netzon.rhobert\Desktop\Gycom\psapp-debug.apk'

2019-01-15 10:29:31 - [MESSAGE][INFO] - Appium server started on port 49,379

2019-01-15 10:30:07 - [MESSAGE][PASSED] - Started app at: 'C:\Users\netzon.rhobert\Desktop\Gycom\psapp-debug.apk'

2019-01-15 10:30:07 - [TEST_STEP][PASSED] - tap(findTestObject("android.widget.ImageView10 (1)"), 0): Tapped on element 'Object Repository/android.widget.ImageView10 (1)'

2019-01-15 10:30:07 - [MESSAGE][WARNING] - Timeout '0' is invalid. Using default page load timeout: '30'

2019-01-15 10:30:17 - [MESSAGE][PASSED] - Tapped on element 'Object Repository/android.widget.ImageView10 (1)'

2019-01-15 10:30:17 - [TEST_STEP][PASSED] - tap(findTestObject("android.widget.Button0 - checklistCHECKLIST (1)"), 0): Tapped on element 'Object Repository/android.widget.Button0 - checklistCHECKLIST (1)'

2019-01-15 10:30:17 - [MESSAGE][WARNING] - Timeout '0' is invalid. Using default page load timeout: '30'

2019-01-15 10:30:19 - [MESSAGE][PASSED] - Tapped on element 'Object Repository/android.widget.Button0 - checklistCHECKLIST (1)'

2019-01-15 10:30:19 - [TEST_STEP][PASSED] - tap(findTestObject("android.widget.Button0 - next (16)"), 0): Tapped on element 'Object Repository/android.widget.Button0 - next (16)'

2019-01-15 10:30:19 - [MESSAGE][WARNING] - Timeout '0' is invalid. Using default page load timeout: '30'

2019-01-15 10:30:21 - [MESSAGE][PASSED] - Tapped on element 'Object Repository/android.widget.Button0 - next (16)'

2019-01-15 10:30:21 - [TEST_STEP][PASSED] - setText(findTestObject("android.widget.EditText0 - Add item (1)"), "Note X", 0): Text 'Note X' has been set to element 'Object Repository/android.widget.EditText0 - Add item (1)'

2019-01-15 10:30:21 - [MESSAGE][WARNING] - Timeout '0' is invalid. Using default page load timeout: '30'

2019-01-15 10:30:22 - [MESSAGE][PASSED] - Text 'Note X' has been set to element 'Object Repository/android.widget.EditText0 - Add item (1)'

2019-01-15 10:30:22 - [TEST_STEP][PASSED] - tap(findTestObject("android.view.View11"), 0): Tapped on element 'Object Repository/android.view.View11'

2019-01-15 10:30:22 - [MESSAGE][WARNING] - Timeout '0' is invalid. Using default page load timeout: '30'

2019-01-15 10:30:24 - [MESSAGE][PASSED] - Tapped on element 'Object Repository/android.view.View11'

2019-01-15 10:30:24 - [TEST_STEP][PASSED] - tap(findTestObject("android.widget.Button13 - SET (2)"), 0): Tapped on element 'Object Repository/android.widget.Button13 - SET (2)'

2019-01-15 10:30:24 - [MESSAGE][WARNING] - Timeout '0' is invalid. Using default page load timeout: '30'

2019-01-15 10:30:25 - [MESSAGE][PASSED] - Tapped on element 'Object Repository/android.widget.Button13 - SET (2)'

2019-01-15 10:30:25 - [TEST_STEP][PASSED] - tap(findTestObject("android.widget.ImageButton1 (4)"), 0): Tapped on element 'Object Repository/android.widget.ImageButton1 (4)'

2019-01-15 10:30:25 - [MESSAGE][WARNING] - Timeout '0' is invalid. Using default page load timeout: '30'

2019-01-15 10:30:26 - [MESSAGE][PASSED] - Tapped on element 'Object Repository/android.widget.ImageButton1 (4)'

2019-01-15 10:30:26 - [TEST_STEP][PASSED] - tap(findTestObject("android.widget.ImageButton1 (4)"), 0): Tapped on element 'Object Repository/android.widget.ImageButton1 (4)'

2019-01-15 10:30:27 - [MESSAGE][WARNING] - Timeout '0' is invalid. Using default page load timeout: '30'

2019-01-15 10:30:28 - [MESSAGE][PASSED] - Tapped on element 'Object Repository/android.widget.ImageButton1 (4)'

2019-01-15 10:30:28 - [TEST_STEP][PASSED] - closeApplication(): Close app successfully

2019-01-15 10:30:29 - [MESSAGE][PASSED] - Close app successfully]]></system-out>
         <system-err><![CDATA[]]></system-err>
      </testcase>
      <system-out><![CDATA[2019-01-15 10:28:11 - [TEST_SUITE][PASSED] - AndroidPSAPP: Test Cases/DoctorsVisitChecklist]]></system-out>
      <system-err><![CDATA[]]></system-err>
   </testsuite>
</testsuites>
